[17:18:58] [main/INFO] (FabricLoader) Loading for game Minecraft 1.16.3
[17:18:58] [main/INFO] (Fabric|Loader) [FabricLoader] Loading 42 mods: minecraft@1.16.3, fabric-screen-handler-api-v1@1.1.0+8724984195, fabric-networking-blockentity-v0@0.2.5+b50ffc7b95, fabric-renderer-api-v1@0.3.3+a4467d2a95, fabric-keybindings-v0@0.2.0+3fa9f7c595, fabric-command-api-v1@1.0.9+a4467d2a95, fabricloader@0.10.5+build.213, fabric-tool-attribute-api-v1@1.2.4+2b46237995, fabric-renderer-indigo@0.4.3+a4467d2a95, fabric-structure-api-v1@1.1.0+f8ac1db295, fabric-containers-v0@0.1.8+045df74f95, fabric-object-builder-api-v1@1.9.2+a89534ab95, fabric-crash-report-info-v1@0.1.2+b7f9825d95, fabric-events-interaction-v0@0.4.1+f8ac1db295, fabric-item-api-v1@1.2.0+f8ac1db295, fabric-game-rule-api-v1@1.0.3+a4467d2a95, fabric-api-base@0.2.0+9f0fb4b895, fabric-rendering-v0@1.1.1+f8ac1db295, fabric-key-binding-api-v1@1.0.1+730711c695, fabric-rendering-v1@1.3.1+f8ac1db295, fabric-rendering-data-attachment-v1@0.1.4+f8ac1db295, fabric-resource-loader-v0@0.3.1+facf3bbf95, fabric-textures-v0@1.0.5+a4467d2a95, fabric-content-registries-v0@0.1.9+059ea86695, fabric-tag-extensions-v0@1.0.3+ac8e8c5995, fabric-biome-api-v1@3.0.0+8367596d95, fabric-rendering-fluids-v1@0.1.12+f8ac1db295, fabric-registry-sync-v0@0.6.1+a4467d2a95, fabric-commands-v0@0.2.0+52d3083695, fabric-blockrenderlayer-v1@1.1.4+c6a8ea8995, fabric-lifecycle-events-v1@1.2.0+74cc3b2095, fabric-mining-levels-v0@0.1.2+b764ce9995, fabric-renderer-registries-v1@2.2.0+f8ac1db295, fabric-loot-tables-v1@1.0.1+432ea18895, fabric-events-lifecycle-v0@0.2.0+16acbe5b95, ancientgateways@b0.9, fabric@0.25.0+build.415-1.16, fabric-models-v0@0.1.1+f8ac1db295, fabric-item-groups-v0@0.2.1+a4467d2a95, fabric-particles-v1@0.2.2+fb0d9b0e95, fabric-networking-v0@0.1.10+e00ecb5f95, fabric-object-builders-v0@0.7.1+a4467d2a95
[17:18:58] [main/WARN] (Fabric|Loader) Mod `ancientgateways` (b0.9) does not respect SemVer - comparison support is limited.
[17:18:58] [main/INFO] (mixin) SpongePowered MIXIN Subsystem Version=0.8.2 Source=file:/home/morgan/.gradle/caches/modules-2/files-2.1/net.fabricmc/sponge-mixin/0.8.2+build.24/e5a741445d0f425bf3cce946c6cf8c7fb8376b2/sponge-mixin-0.8.2+build.24.jar Service=Knot/Fabric Env=CLIENT
[17:18:59] [main/INFO] (Fabric|MixinBootstrap) Loaded Fabric development mappings for mixin remapper!
[17:18:59] [main/INFO] (mixin) Remapping refMap fabric-networking-v0-refmap.json using remapper chain
[17:18:59] [main/INFO] (mixin) Remapping refMap fabric-networking-blockentity-v0-refmap.json using remapper chain
[17:18:59] [main/INFO] (mixin) Remapping refMap fabric-screen-handler-api-v1-refmap.json using remapper chain
[17:18:59] [main/INFO] (mixin) Remapping refMap fabric-lifecycle-events-v1-refmap.json using remapper chain
[17:18:59] [main/INFO] (mixin) Remapping refMap fabric-containers-v0-refmap.json using remapper chain
[17:18:59] [main/INFO] (mixin) Remapping refMap fabric-renderer-indigo-refmap.json using remapper chain
[17:18:59] [main/INFO] (mixin) Remapping refMap fabric-rendering-data-attachment-v1-refmap.json using remapper chain
[17:18:59] [main/INFO] (mixin) Remapping refMap fabric-structure-api-v1-refmap.json using remapper chain
[17:18:59] [main/INFO] (mixin) Remapping refMap fabric-events-interaction-v0-refmap.json using remapper chain
[17:18:59] [main/INFO] (mixin) Remapping refMap fabric-item-api-v1-refmap.json using remapper chain
[17:18:59] [main/INFO] (mixin) Remapping refMap fabric-loot-tables-v1-refmap.json using remapper chain
[17:18:59] [main/INFO] (mixin) Remapping refMap fabric-object-builder-api-v1-refmap.json using remapper chain
[17:18:59] [main/INFO] (mixin) Remapping refMap fabric-renderer-registries-v1-refmap.json using remapper chain
[17:18:59] [main/INFO] (mixin) Remapping refMap fabric-textures-v0-refmap.json using remapper chain
[17:18:59] [main/INFO] (mixin) Remapping refMap fabric-registry-sync-v0-refmap.json using remapper chain
[17:18:59] [main/INFO] (mixin) Remapping refMap fabric-models-v0-refmap.json using remapper chain
[17:18:59] [main/INFO] (mixin) Remapping refMap fabric-blockrenderlayer-v1-refmap.json using remapper chain
[17:18:59] [main/INFO] (mixin) Remapping refMap fabric-renderer-api-v1-refmap.json using remapper chain
[17:18:59] [main/INFO] (mixin) Remapping refMap fabric-containers-v0-refmap.json using remapper chain
[17:18:59] [main/INFO] (mixin) Remapping refMap fabric-rendering-fluids-v1-refmap.json using remapper chain
[17:18:59] [main/INFO] (mixin) Remapping refMap fabric-biome-api-v1-refmap.json using remapper chain
[17:18:59] [main/INFO] (mixin) Remapping refMap fabric-resource-loader-v0-refmap.json using remapper chain
[17:18:59] [main/INFO] (mixin) Remapping refMap fabric-game-rule-api-v1-refmap.json using remapper chain
[17:18:59] [main/INFO] (mixin) Remapping refMap fabric-particles-v1-refmap.json using remapper chain
[17:18:59] [main/INFO] (mixin) Remapping refMap fabric-object-builders-refmap.json using remapper chain
[17:18:59] [main/INFO] (mixin) Remapping refMap fabric-tag-extensions-v0-refmap.json using remapper chain
[17:18:59] [main/INFO] (mixin) Remapping refMap fabric-tool-attribute-api-v1-refmap.json using remapper chain
[17:18:59] [main/INFO] (mixin) Remapping refMap fabric-rendering-v1-refmap.json using remapper chain
[17:18:59] [main/INFO] (mixin) Remapping refMap fabric-item-groups-v0-refmap.json using remapper chain
[17:18:59] [main/INFO] (mixin) Remapping refMap fabric-content-registries-v0-refmap.json using remapper chain
[17:18:59] [main/INFO] (mixin) Remapping refMap fabric-command-api-v1-refmap.json using remapper chain
[17:18:59] [main/INFO] (mixin) Remapping refMap fabric-crash-report-info-v1-refmap.json using remapper chain
[17:18:59] [main/INFO] (mixin) Remapping refMap fabric-key-binding-api-v1-refmap.json using remapper chain
[17:18:59] [main/INFO] (mixin) Remapping refMap fabric-renderer-api-v1-refmap.json using remapper chain
[17:18:59] [main/WARN] (mixin) @Mixin target net/minecraft/server/world/ThreadedAnvilChunkStorage$EntityTracker is public in fabric-networking-v0.mixins.json:MixinEntityTracker and should be specified in value
[17:18:59] [main/WARN] (mixin) @Mixin target net/minecraft/client/render/block/BlockModelRenderer$AmbientOcclusionCalculator is public in fabric-renderer-indigo.mixins.json:MixinAmbientOcclusionCalculator and should be specified in value
[17:18:59] [main/WARN] (mixin) @Mixin target net/minecraft/client/render/chunk/ChunkBuilder$BuiltChunk$RebuildTask is public in fabric-renderer-indigo.mixins.json:MixinChunkRebuildTask and should be specified in value
[17:18:59] [main/WARN] (mixin) @Mixin target net/minecraft/village/TradeOffers$TypeAwareBuyForOneEmeraldFactory is public in fabric-object-builder-v1.mixins.json:TypeAwareTradeMixin and should be specified in value
[17:18:59] [main/WARN] (mixin) @Mixin target net/minecraft/server/command/GameRuleCommand$1 is public in fabric-game-rule-api-v1.mixins.json:GameRuleCommandVisitorMixin and should be specified in value
[17:18:59] [main/WARN] (mixin) @Mixin target net/minecraft/client/gui/screen/world/EditGameRulesScreen$RuleListWidget$1 is public in fabric-game-rule-api-v1.mixins.json:client.RuleListWidgetVisitorMixin and should be specified in value
[17:18:59] [main/WARN] (mixin) @Mixin target net/minecraft/client/particle/ParticleManager$SimpleSpriteProvider is public in fabric-particles-v1.mixins.json:ParticleManagerAccessor$SimpleSpriteProviderAccessor and should be specified in value
[17:18:59] [main/WARN] (mixin) @Mixin target net/minecraft/tag/Tag$1 is public in fabric-tag-extensions-v0.mixins.json:MixinTagImpl and should be specified in value
[17:18:59] [main/WARN] (mixin) @Mixin target net/minecraft/tag/RequiredTagList$TagWrapper is public in fabric-tag-extensions-v0.mixins.json:MixinTagImpl and should be specified in value
[17:19:05] [main/INFO] (Minecraft) Environment: authHost='https://authserver.mojang.com', accountsHost='https://api.mojang.com', sessionHost='https://sessionserver.mojang.com', name='PROD'
[17:19:05] [main/INFO] (Minecraft) Setting user: Player769
[17:19:05] [main/INFO] (Indigo) [Indigo] Registering Indigo renderer!
[17:19:05] [main/INFO] (Minecraft) Backend library: LWJGL version 3.2.2 build 10
[17:19:08] [main/INFO] (Minecraft) Narrator library successfully loaded
[17:19:08] [main/INFO] (Minecraft) Reloading ResourceManager: Default, Fabric Screen Handler API (v1), Fabric Renderer API (v1), Fabric Networking Block Entity (v0), Fabric Key Bindings (v0), Fabric Loader, Fabric Tool Attribute API (v1), Fabric Renderer - Indigo, Fabric Containers (v0), Fabric Object Builder API (v1), Fabric Events Interaction (v0), Fabric Crash Report Info (v1), Fabric Item API (v1), Fabric Game Rule API (v1), Fabric API Base, Fabric Rendering (v0), Fabric Rendering (v1), Fabric Key Binding API (v1), Fabric Rendering Data Attachment (v1), Fabric Resource Loader (v0), Fabric Textures (v0), Fabric Content Registries (v0), Fabric Tag Extensions (v0), Fabric Biome API (v1), Fabric Rendering Fluids (v1), Fabric Registry Sync (v0), Fabric BlockRenderLayer Registration (v1), Fabric Lifecycle Events (v1), Fabric Mining Levels (v0), Fabric Renderer Registries (v1), Fabric Events Lifecycle (v0), Fabric Loot Tables (v1), Ancient Gateways, Fabric API, Fabric Models (v0), Fabric Item Groups (v0), Fabric Networking (v0), Fabric Object Builders (v0), Fabric Command API (v1)
[17:19:10] [Realms Notification Availability checker #1/INFO] (Minecraft) Could not authorize you against Realms server: Invalid session id
[17:19:15] [main/INFO] (Minecraft) OpenAL initialized.
[17:19:15] [main/INFO] (Minecraft) Sound engine started
[17:19:15] [main/INFO] (Minecraft) Created: 1024x1024x4 minecraft:textures/atlas/blocks.png-atlas
[17:19:15] [main/INFO] (Minecraft) Created: 256x128x4 minecraft:textures/atlas/signs.png-atlas
[17:19:15] [main/INFO] (Minecraft) Created: 1024x512x4 minecraft:textures/atlas/banner_patterns.png-atlas
[17:19:15] [main/INFO] (Minecraft) Created: 1024x512x4 minecraft:textures/atlas/shield_patterns.png-atlas
[17:19:15] [main/INFO] (Minecraft) Created: 256x256x4 minecraft:textures/atlas/chest.png-atlas
[17:19:15] [main/INFO] (Minecraft) Created: 512x256x4 minecraft:textures/atlas/beds.png-atlas
[17:19:15] [main/INFO] (Minecraft) Created: 512x256x4 minecraft:textures/atlas/shulker_boxes.png-atlas
[17:19:17] [main/INFO] (Minecraft) Created: 256x256x0 minecraft:textures/atlas/particles.png-atlas
[17:19:17] [main/INFO] (Minecraft) Created: 256x256x0 minecraft:textures/atlas/paintings.png-atlas
[17:19:17] [main/INFO] (Minecraft) Created: 256x128x0 minecraft:textures/atlas/mob_effects.png-atlas
[17:19:23] [main/WARN] (Minecraft) Ambiguity between arguments [teleport, destination] and [teleport, targets] with inputs: [Player, 0123, @e, dd12be42-52a9-4a91-a8a1-11c01849e498]
[17:19:23] [main/WARN] (Minecraft) Ambiguity between arguments [teleport, location] and [teleport, destination] with inputs: [0.1 -0.5 .9, 0 0 0]
[17:19:23] [main/WARN] (Minecraft) Ambiguity between arguments [teleport, location] and [teleport, targets] with inputs: [0.1 -0.5 .9, 0 0 0]
[17:19:23] [main/WARN] (Minecraft) Ambiguity between arguments [teleport, targets] and [teleport, destination] with inputs: [Player, 0123, dd12be42-52a9-4a91-a8a1-11c01849e498]
[17:19:23] [main/WARN] (Minecraft) Ambiguity between arguments [teleport, targets, location] and [teleport, targets, destination] with inputs: [0.1 -0.5 .9, 0 0 0]
[17:19:23] [main/INFO] (Minecraft) Reloading ResourceManager: Default, Fabric Tool Attribute API (v1), Ancient Gateways
[17:19:24] [main/INFO] (Minecraft) Loaded 7 recipes
[17:19:25] [main/INFO] (Minecraft) Loaded 927 advancements
[17:19:25] [main/INFO] (BiomeModificationImpl) Applied 0 biome modifications to 0 of 79 new biomes in 2.269 ms
[17:19:27] [main/INFO] (Minecraft) Environment: authHost='https://authserver.mojang.com', accountsHost='https://api.mojang.com', sessionHost='https://sessionserver.mojang.com', name='PROD'
[17:19:27] [Server thread/INFO] (Minecraft) Starting integrated minecraft server version 1.16.3
[17:19:27] [Server thread/INFO] (Minecraft) Generating keypair
[17:19:28] [Server thread/INFO] (Minecraft) Preparing start region for dimension minecraft:overworld
[17:19:29] [main/INFO] (Minecraft) Preparing spawn area: 0%
[17:19:29] [main/INFO] (Minecraft) Preparing spawn area: 0%
[17:19:29] [main/INFO] (Minecraft) Preparing spawn area: 0%
[17:19:29] [main/INFO] (Minecraft) Preparing spawn area: 0%
[17:19:30] [main/INFO] (Minecraft) Time elapsed: 1764 ms
[17:19:30] [Server thread/INFO] (Minecraft) Changing view distance to 11, from 10
[17:19:31] [Server thread/INFO] (Minecraft) Player769[local:E:c6fc94d8] logged in with entity id 136 at (-1.2917750850897487, 66.0, -253.37916145147395)
[17:19:31] [Server thread/INFO] (Minecraft) Player769 joined the game
[17:19:31] [Server thread/INFO] (Minecraft) Player769 has completed the challenge [Cover Me in Debris]
[17:19:31] [Server thread/INFO] (Minecraft) Saving and pausing game...
[17:19:31] [Server thread/INFO] (Minecraft) Saving chunks for level 'ServerLevel[GatewayTest]'/minecraft:overworld
[17:19:31] [main/INFO] (Minecraft) [CHAT] Player769 has completed the challenge [Cover Me in Debris]
[17:19:31] [main/INFO] (Minecraft) Loaded 14 advancements
[17:19:32] [Server thread/INFO] (Minecraft) Saving chunks for level 'ServerLevel[GatewayTest]'/minecraft:the_nether
[17:19:32] [Server thread/INFO] (Minecraft) Saving chunks for level 'ServerLevel[GatewayTest]'/minecraft:the_end
[17:19:39] [Server thread/WARN] (Minecraft) Can't keep up! Is the server overloaded? Running 4277ms or 85 ticks behind
[17:19:39] [Server thread/INFO] (Minecraft) Saving and pausing game...
[17:19:39] [Server thread/INFO] (Minecraft) Saving chunks for level 'ServerLevel[GatewayTest]'/minecraft:overworld
[17:19:40] [Server thread/INFO] (Minecraft) Saving chunks for level 'ServerLevel[GatewayTest]'/minecraft:the_nether
[17:19:40] [Server thread/INFO] (Minecraft) Saving chunks for level 'ServerLevel[GatewayTest]'/minecraft:the_end
[17:20:12] [Server thread/INFO] (Minecraft) Player769 has made the advancement [We Need to Go Deeper]
[17:20:12] [Server thread/INFO] (Minecraft) Saving and pausing game...
[17:20:12] [Server thread/INFO] (Minecraft) Saving chunks for level 'ServerLevel[GatewayTest]'/minecraft:overworld
[17:20:12] [main/INFO] (Minecraft) [CHAT] Player769 has made the advancement [We Need to Go Deeper]
[17:20:12] [main/INFO] (Minecraft) Loaded 38 advancements
[17:20:12] [Server thread/INFO] (Minecraft) Saving chunks for level 'ServerLevel[GatewayTest]'/minecraft:the_nether
[17:20:12] [Server thread/INFO] (Minecraft) Saving chunks for level 'ServerLevel[GatewayTest]'/minecraft:the_end
[17:20:12] [main/INFO] (Minecraft) Loaded 38 advancements
[17:20:13] [main/WARN] (Minecraft) Received passengers for unknown entity
[17:20:13] [main/WARN] (Minecraft) Received passengers for unknown entity
[17:20:13] [Server thread/INFO] (Minecraft) Saving and pausing game...
[17:20:13] [Server thread/INFO] (Minecraft) Saving chunks for level 'ServerLevel[GatewayTest]'/minecraft:overworld
[17:20:13] [Server thread/INFO] (Minecraft) Saving chunks for level 'ServerLevel[GatewayTest]'/minecraft:the_nether
[17:20:13] [Server thread/INFO] (Minecraft) Saving chunks for level 'ServerLevel[GatewayTest]'/minecraft:the_end
[17:20:19] [Server thread/INFO] (Minecraft) Saving and pausing game...
[17:20:19] [Server thread/INFO] (Minecraft) Saving chunks for level 'ServerLevel[GatewayTest]'/minecraft:overworld
[17:20:19] [Server thread/INFO] (Minecraft) Saving chunks for level 'ServerLevel[GatewayTest]'/minecraft:the_nether
[17:20:20] [Server thread/INFO] (Minecraft) Saving chunks for level 'ServerLevel[GatewayTest]'/minecraft:the_end
[17:20:20] [main/WARN] (Minecraft) Received passengers for unknown entity
[17:20:20] [main/WARN] (Minecraft) Received passengers for unknown entity
[17:20:26] [Server thread/INFO] (Minecraft) Saving and pausing game...
[17:20:26] [Server thread/INFO] (Minecraft) Saving chunks for level 'ServerLevel[GatewayTest]'/minecraft:overworld
[17:20:26] [Server thread/INFO] (Minecraft) Saving chunks for level 'ServerLevel[GatewayTest]'/minecraft:the_nether
[17:20:26] [Server thread/INFO] (Minecraft) Saving chunks for level 'ServerLevel[GatewayTest]'/minecraft:the_end
[17:20:28] [Server thread/INFO] (Minecraft) Saving and pausing game...
[17:20:28] [Server thread/INFO] (Minecraft) Saving chunks for level 'ServerLevel[GatewayTest]'/minecraft:overworld
[17:20:28] [Server thread/INFO] (Minecraft) Saving chunks for level 'ServerLevel[GatewayTest]'/minecraft:the_nether
[17:20:28] [Server thread/INFO] (Minecraft) Saving chunks for level 'ServerLevel[GatewayTest]'/minecraft:the_end
[17:20:28] [main/WARN] (Minecraft) Received passengers for unknown entity
[17:20:28] [main/WARN] (Minecraft) Received passengers for unknown entity
[17:20:30] [Server thread/INFO] (Minecraft) Saving and pausing game...
[17:20:30] [Server thread/INFO] (Minecraft) Saving chunks for level 'ServerLevel[GatewayTest]'/minecraft:overworld
[17:20:30] [Server thread/INFO] (Minecraft) Saving chunks for level 'ServerLevel[GatewayTest]'/minecraft:the_nether
[17:20:30] [Server thread/INFO] (Minecraft) Saving chunks for level 'ServerLevel[GatewayTest]'/minecraft:the_end
[17:21:00] [Server thread/INFO] (Minecraft) Saving and pausing game...
[17:21:00] [Server thread/INFO] (Minecraft) Saving chunks for level 'ServerLevel[GatewayTest]'/minecraft:overworld
[17:21:00] [Server thread/INFO] (Minecraft) Saving chunks for level 'ServerLevel[GatewayTest]'/minecraft:the_nether
[17:21:00] [Server thread/INFO] (Minecraft) Saving chunks for level 'ServerLevel[GatewayTest]'/minecraft:the_end
[17:21:00] [Server thread/INFO] (Minecraft) Player769 lost connection: Disconnected
[17:21:00] [Server thread/INFO] (Minecraft) Player769 left the game
[17:21:00] [Server thread/INFO] (Minecraft) Stopping singleplayer server as player logged out
[17:21:00] [Server thread/INFO] (Minecraft) Stopping server
[17:21:00] [Server thread/INFO] (Minecraft) Saving players
[17:21:00] [Server thread/INFO] (Minecraft) Saving worlds
[17:21:00] [Server thread/INFO] (Minecraft) Saving chunks for level 'ServerLevel[GatewayTest]'/minecraft:overworld
[17:21:01] [Server thread/INFO] (Minecraft) ThreadedAnvilChunkStorage (GatewayTest): All chunks are saved
[17:21:01] [Server thread/INFO] (Minecraft) Saving chunks for level 'ServerLevel[GatewayTest]'/minecraft:the_nether
[17:21:01] [Server thread/INFO] (Minecraft) ThreadedAnvilChunkStorage (DIM-1): All chunks are saved
[17:21:01] [Server thread/INFO] (Minecraft) Saving chunks for level 'ServerLevel[GatewayTest]'/minecraft:the_end
[17:21:01] [Server thread/INFO] (Minecraft) ThreadedAnvilChunkStorage (DIM1): All chunks are saved
[17:21:01] [Server thread/INFO] (Minecraft) ThreadedAnvilChunkStorage (GatewayTest): All chunks are saved
[17:21:01] [Server thread/INFO] (Minecraft) ThreadedAnvilChunkStorage (DIM-1): All chunks are saved
[17:21:01] [Server thread/INFO] (Minecraft) ThreadedAnvilChunkStorage (DIM1): All chunks are saved
[17:21:01] [main/INFO] (Minecraft) Stopping!
